Build started 2/3/2015 5:59:45 PM.
     1>Project "C:\Users\jared.ramey\Documents\GitHub\Knight_Framework\Knight_FrameWork_V1\Knight_FrameWork_V1\Knight_FrameWork_V1.vcxproj" on node 2 (Build target(s)).
     1>ClCompile:
         C:\Program Files (x86)\Microsoft Visual Studio 12.0\VC\bin\CL.exe /c /I"C:\Users\jared.ramey\Documents\GitHub\Knight_Framework\Knight_FrameWork_V1\\tinyxml2-master\\" /IC:\Users\jared.ramey\Documents\GitHub\Knight_Framework\Knight_FrameWork_V1\Knight_FrameWork_V1\soil /I"C:\Users\jared.ramey\Documents\GitHub\Knight_Framework\Knight_FrameWork_V1\glfw-3.0.4.bin.WIN32\glfw-3.0.4.bin.WIN32\include\GLFW" /I"C:\Users\jared.ramey\Documents\GitHub\Knight_Framework\Knight_FrameWork_V1\glew-1.11.0-win32\glew-1.11.0\include\GL" /ZI /nologo /W3 /WX- /sdl /Od /Oy- /D WIN32 /D _DEBUG /D _CONSOLE /D _LIB /D _CRT_SECURE_NO_WARNINGS /D _UNICODE /D UNICODE /Gm /EHsc /RTC1 /MDd /GS /fp:precise /Zc:wchar_t /Zc:forScope /Fo"Debug\\" /Fd"Debug\vc120.pdb" /Gd /TP /analyze- /errorReport:prompt TextHandler.cpp
         TextHandler.cpp
     1>c:\users\jared.ramey\documents\github\knight_framework\knight_framework_v1\knight_framework_v1\texthandler.cpp(31): error C2039: 'GetChar' : is not a member of 'TextHandler'
                 c:\users\jared.ramey\documents\github\knight_framework\knight_framework_v1\knight_framework_v1\texthandler.h(17) : see declaration of 'TextHandler'
     1>c:\users\jared.ramey\documents\github\knight_framework\knight_framework_v1\knight_framework_v1\texthandler.cpp(43): fatal error C1075: end of file found before the left brace '{' at 'c:\users\jared.ramey\documents\github\knight_framework\knight_framework_v1\knight_framework_v1\texthandler.cpp(32)' was matched
     1>Done Building Project "C:\Users\jared.ramey\Documents\GitHub\Knight_Framework\Knight_FrameWork_V1\Knight_FrameWork_V1\Knight_FrameWork_V1.vcxproj" (Build target(s)) -- FAILED.

Build FAILED.

Time Elapsed 00:00:00.48
