Build started 1/27/2015 4:51:21 PM.
     1>Project "C:\Users\jared.ramey\Documents\GitHub\Knight_Framework\glFontTest\glFontTest\glFontTest.vcxproj" on node 2 (Build target(s)).
     1>ClCompile:
         C:\Program Files (x86)\Microsoft Visual Studio 12.0\VC\bin\CL.exe /c /ZI /nologo /W3 /WX- /Od /Oy- /D WIN32 /D _DEBUG /D _CONSOLE /D _LIB /D _UNICODE /D UNICODE /Gm /EHsc /RTC1 /MDd /GS /fp:precise /Zc:wchar_t /Zc:forScope /Fo"Debug\\" /Fd"Debug\vc120.pdb" /Gd /TP /analyze- /errorReport:prompt glfont_cpp\glfont.cc main.cpp
         main.cpp
     1>c:\users\jared.ramey\documents\github\knight_framework\glfonttest\glfonttest\glfont_cpp\glfont.h(23): fatal error C1083: Cannot open include file: 'glew.h': No such file or directory
         glfont.cc
     1>c:\users\jared.ramey\documents\github\knight_framework\glfonttest\glfonttest\glfont_cpp\glfont.h(23): fatal error C1083: Cannot open include file: 'glew.h': No such file or directory
         Generating Code...
     1>Done Building Project "C:\Users\jared.ramey\Documents\GitHub\Knight_Framework\glFontTest\glFontTest\glFontTest.vcxproj" (Build target(s)) -- FAILED.

Build FAILED.

Time Elapsed 00:00:01.20
